

Started GET "/" for ::1 at 2016-09-20 13:17:41 -0500

PG::ConnectionBad (could not connect to server: No such file or directory
	Is the server running locally and accepting
	connections on Unix domain socket "/tmp/.s.PGSQL.5432"?
):
  activerecord (4.2.4) lib/active_record/connection_adapters/postgresql_adapter.rb:655:in `initialize'
  activerecord (4.2.4) lib/active_record/connection_adapters/postgresql_adapter.rb:655:in `new'
  activerecord (4.2.4) lib/active_record/connection_adapters/postgresql_adapter.rb:655:in `connect'
  activerecord (4.2.4) lib/active_record/connection_adapters/postgresql_adapter.rb:242:in `initialize'
  activerecord (4.2.4) lib/active_record/connection_adapters/postgresql_adapter.rb:44:in `new'
  activerecord (4.2.4) lib/active_record/connection_adapters/postgresql_adapter.rb:44:in `postgresql_connection'
  activerecord (4.2.4) lib/active_record/connection_adapters/abstract/connection_pool.rb:438:in `new_connection'
  activerecord (4.2.4) lib/active_record/connection_adapters/abstract/connection_pool.rb:448:in `checkout_new_connection'
  activerecord (4.2.4) lib/active_record/connection_adapters/abstract/connection_pool.rb:422:in `acquire_connection'
  activerecord (4.2.4) lib/active_record/connection_adapters/abstract/connection_pool.rb:349:in `block in checkout'
  /Users/41075/.rvm/rubies/ruby-2.2.0/lib/ruby/2.2.0/monitor.rb:211:in `mon_synchronize'
  activerecord (4.2.4) lib/active_record/connection_adapters/abstract/connection_pool.rb:348:in `checkout'
  activerecord (4.2.4) lib/active_record/connection_adapters/abstract/connection_pool.rb:263:in `block in connection'
  /Users/41075/.rvm/rubies/ruby-2.2.0/lib/ruby/2.2.0/monitor.rb:211:in `mon_synchronize'
  activerecord (4.2.4) lib/active_record/connection_adapters/abstract/connection_pool.rb:262:in `connection'
  activerecord (4.2.4) lib/active_record/connection_adapters/abstract/connection_pool.rb:571:in `retrieve_connection'
  activerecord (4.2.4) lib/active_record/connection_handling.rb:113:in `retrieve_connection'
  activerecord (4.2.4) lib/active_record/connection_handling.rb:87:in `connection'
  activerecord (4.2.4) lib/active_record/migration.rb:383:in `connection'
  activerecord (4.2.4) lib/active_record/migration.rb:370:in `call'
  actionpack (4.2.4) lib/action_dispatch/middleware/callbacks.rb:29:in `block in call'
  activesupport (4.2.4) lib/active_support/callbacks.rb:88:in `__run_callbacks__'
  activesupport (4.2.4) lib/active_support/callbacks.rb:778:in `_run_call_callbacks'
  activesupport (4.2.4) lib/active_support/callbacks.rb:81:in `run_callbacks'
  actionpack (4.2.4) lib/action_dispatch/middleware/callbacks.rb:27:in `call'
  actionpack (4.2.4) lib/action_dispatch/middleware/reloader.rb:73:in `call'
  actionpack (4.2.4) lib/action_dispatch/middleware/remote_ip.rb:78:in `call'
  actionpack (4.2.4) lib/action_dispatch/middleware/debug_exceptions.rb:17:in `call'
  web-console (2.2.1) lib/web_console/middleware.rb:39:in `call'
  actionpack (4.2.4) lib/action_dispatch/middleware/show_exceptions.rb:30:in `call'
  railties (4.2.4) lib/rails/rack/logger.rb:38:in `call_app'
  railties (4.2.4) lib/rails/rack/logger.rb:20:in `block in call'
  activesupport (4.2.4) lib/active_support/tagged_logging.rb:68:in `block in tagged'
  activesupport (4.2.4) lib/active_support/tagged_logging.rb:26:in `tagged'
  activesupport (4.2.4) lib/active_support/tagged_logging.rb:68:in `tagged'
  railties (4.2.4) lib/rails/rack/logger.rb:20:in `call'
  actionpack (4.2.4) lib/action_dispatch/middleware/request_id.rb:21:in `call'
  rack (1.6.4) lib/rack/methodoverride.rb:22:in `call'
  rack (1.6.4) lib/rack/runtime.rb:18:in `call'
  activesupport (4.2.4) lib/active_support/cache/strategy/local_cache_middleware.rb:28:in `call'
  rack (1.6.4) lib/rack/lock.rb:17:in `call'
  actionpack (4.2.4) lib/action_dispatch/middleware/static.rb:116:in `call'
  rack (1.6.4) lib/rack/sendfile.rb:113:in `call'
  railties (4.2.4) lib/rails/engine.rb:518:in `call'
  railties (4.2.4) lib/rails/application.rb:165:in `call'
  rack (1.6.4) lib/rack/lock.rb:17:in `call'
  rack (1.6.4) lib/rack/content_length.rb:15:in `call'
  rack (1.6.4) lib/rack/handler/webrick.rb:88:in `service'
  /Users/41075/.rvm/rubies/ruby-2.2.0/lib/ruby/2.2.0/webrick/httpserver.rb:138:in `service'
  /Users/41075/.rvm/rubies/ruby-2.2.0/lib/ruby/2.2.0/webrick/httpserver.rb:94:in `run'
  /Users/41075/.rvm/rubies/ruby-2.2.0/lib/ruby/2.2.0/webrick/server.rb:294:in `block in start_thread'


  Rendered /Users/41075/.rvm/gems/ruby-2.2.0/gems/actionpack-4.2.4/lib/action_dispatch/middleware/templates/rescues/_source.erb (2.3ms)
  Rendered /Users/41075/.rvm/gems/ruby-2.2.0/gems/actionpack-4.2.4/lib/action_dispatch/middleware/templates/rescues/_trace.html.erb (1.4ms)
  Rendered /Users/41075/.rvm/gems/ruby-2.2.0/gems/actionpack-4.2.4/lib/action_dispatch/middleware/templates/rescues/_request_and_response.html.erb (0.8ms)
  Rendered /Users/41075/.rvm/gems/ruby-2.2.0/gems/actionpack-4.2.4/lib/action_dispatch/middleware/templates/rescues/diagnostics.html.erb within rescues/layout (50.8ms)
  Rendered /Users/41075/.rvm/gems/ruby-2.2.0/gems/web-console-2.2.1/lib/web_console/templates/_markup.html.erb (0.4ms)
  Rendered /Users/41075/.rvm/gems/ruby-2.2.0/gems/web-console-2.2.1/lib/web_console/templates/_inner_console_markup.html.erb within layouts/inlined_string (0.3ms)
  Rendered /Users/41075/.rvm/gems/ruby-2.2.0/gems/web-console-2.2.1/lib/web_console/templates/_prompt_box_markup.html.erb within layouts/inlined_string (0.3ms)
  Rendered /Users/41075/.rvm/gems/ruby-2.2.0/gems/web-console-2.2.1/lib/web_console/templates/style.css.erb within layouts/inlined_string (0.3ms)
  Rendered /Users/41075/.rvm/gems/ruby-2.2.0/gems/web-console-2.2.1/lib/web_console/templates/console.js.erb within layouts/javascript (41.9ms)
  Rendered /Users/41075/.rvm/gems/ruby-2.2.0/gems/web-console-2.2.1/lib/web_console/templates/main.js.erb within layouts/javascript (0.3ms)
  Rendered /Users/41075/.rvm/gems/ruby-2.2.0/gems/web-console-2.2.1/lib/web_console/templates/error_page.js.erb within layouts/javascript (0.3ms)
  Rendered /Users/41075/.rvm/gems/ruby-2.2.0/gems/web-console-2.2.1/lib/web_console/templates/index.html.erb (103.1ms)


Started GET "/" for ::1 at 2016-09-20 13:20:17 -0500

Gem::LoadError (Specified 'postgresql' for database adapter, but the gem is not loaded. Add `gem 'pg'` to your Gemfile (and ensure its version is at the minimum required by ActiveRecord).):
  activerecord (4.2.4) lib/active_record/connection_adapters/connection_specification.rb:177:in `rescue in spec'
  activerecord (4.2.4) lib/active_record/connection_adapters/connection_specification.rb:174:in `spec'
  activerecord (4.2.4) lib/active_record/connection_handling.rb:50:in `establish_connection'
  activerecord (4.2.4) lib/active_record/railtie.rb:120:in `block (2 levels) in <class:Railtie>'
  activesupport (4.2.4) lib/active_support/lazy_load_hooks.rb:38:in `instance_eval'
  activesupport (4.2.4) lib/active_support/lazy_load_hooks.rb:38:in `execute_hook'
  activesupport (4.2.4) lib/active_support/lazy_load_hooks.rb:45:in `block in run_load_hooks'
  activesupport (4.2.4) lib/active_support/lazy_load_hooks.rb:44:in `each'
  activesupport (4.2.4) lib/active_support/lazy_load_hooks.rb:44:in `run_load_hooks'
  activerecord (4.2.4) lib/active_record/base.rb:315:in `<module:ActiveRecord>'
  activerecord (4.2.4) lib/active_record/base.rb:26:in `<top (required)>'
  activerecord (4.2.4) lib/active_record/migration.rb:383:in `connection'
  activerecord (4.2.4) lib/active_record/migration.rb:370:in `call'
  actionpack (4.2.4) lib/action_dispatch/middleware/callbacks.rb:29:in `block in call'
  activesupport (4.2.4) lib/active_support/callbacks.rb:88:in `__run_callbacks__'
  activesupport (4.2.4) lib/active_support/callbacks.rb:778:in `_run_call_callbacks'
  activesupport (4.2.4) lib/active_support/callbacks.rb:81:in `run_callbacks'
  actionpack (4.2.4) lib/action_dispatch/middleware/callbacks.rb:27:in `call'
  actionpack (4.2.4) lib/action_dispatch/middleware/reloader.rb:73:in `call'
  actionpack (4.2.4) lib/action_dispatch/middleware/remote_ip.rb:78:in `call'
  actionpack (4.2.4) lib/action_dispatch/middleware/debug_exceptions.rb:17:in `call'
  actionpack (4.2.4) lib/action_dispatch/middleware/show_exceptions.rb:30:in `call'
  railties (4.2.4) lib/rails/rack/logger.rb:38:in `call_app'
  railties (4.2.4) lib/rails/rack/logger.rb:20:in `block in call'
  activesupport (4.2.4) lib/active_support/tagged_logging.rb:68:in `block in tagged'
  activesupport (4.2.4) lib/active_support/tagged_logging.rb:26:in `tagged'
  activesupport (4.2.4) lib/active_support/tagged_logging.rb:68:in `tagged'
  railties (4.2.4) lib/rails/rack/logger.rb:20:in `call'
  actionpack (4.2.4) lib/action_dispatch/middleware/request_id.rb:21:in `call'
  rack (1.6.4) lib/rack/methodoverride.rb:22:in `call'
  rack (1.6.4) lib/rack/runtime.rb:18:in `call'
  activesupport (4.2.4) lib/active_support/cache/strategy/local_cache_middleware.rb:28:in `call'
  rack (1.6.4) lib/rack/lock.rb:17:in `call'
  actionpack (4.2.4) lib/action_dispatch/middleware/static.rb:116:in `call'
  rack (1.6.4) lib/rack/sendfile.rb:113:in `call'
  railties (4.2.4) lib/rails/engine.rb:518:in `call'
  railties (4.2.4) lib/rails/application.rb:165:in `call'
  rack (1.6.4) lib/rack/lock.rb:17:in `call'
  rack (1.6.4) lib/rack/content_length.rb:15:in `call'
  rack (1.6.4) lib/rack/handler/webrick.rb:88:in `service'
  /Users/41075/.rvm/rubies/ruby-2.2.0/lib/ruby/2.2.0/webrick/httpserver.rb:138:in `service'
  /Users/41075/.rvm/rubies/ruby-2.2.0/lib/ruby/2.2.0/webrick/httpserver.rb:94:in `run'
  /Users/41075/.rvm/rubies/ruby-2.2.0/lib/ruby/2.2.0/webrick/server.rb:294:in `block in start_thread'


  Rendered /Users/41075/.rvm/gems/ruby-2.2.0/gems/actionpack-4.2.4/lib/action_dispatch/middleware/templates/rescues/_source.erb (2.1ms)
  Rendered /Users/41075/.rvm/gems/ruby-2.2.0/gems/actionpack-4.2.4/lib/action_dispatch/middleware/templates/rescues/_trace.html.erb (1.2ms)
  Rendered /Users/41075/.rvm/gems/ruby-2.2.0/gems/actionpack-4.2.4/lib/action_dispatch/middleware/templates/rescues/_request_and_response.html.erb (0.7ms)
  Rendered /Users/41075/.rvm/gems/ruby-2.2.0/gems/actionpack-4.2.4/lib/action_dispatch/middleware/templates/rescues/diagnostics.html.erb within rescues/layout (36.8ms)


Started GET "/" for ::1 at 2016-09-20 13:21:01 -0500

ActiveRecord::AdapterNotSpecified ('development' database is not configured. Available: ["default"]):
  activerecord (4.2.4) lib/active_record/connection_adapters/connection_specification.rb:248:in `resolve_symbol_connection'
  activerecord (4.2.4) lib/active_record/connection_adapters/connection_specification.rb:211:in `resolve_connection'
  activerecord (4.2.4) lib/active_record/connection_adapters/connection_specification.rb:139:in `resolve'
  activerecord (4.2.4) lib/active_record/connection_adapters/connection_specification.rb:169:in `spec'
  activerecord (4.2.4) lib/active_record/connection_handling.rb:50:in `establish_connection'
  activerecord (4.2.4) lib/active_record/railtie.rb:120:in `block (2 levels) in <class:Railtie>'
  activesupport (4.2.4) lib/active_support/lazy_load_hooks.rb:38:in `instance_eval'
  activesupport (4.2.4) lib/active_support/lazy_load_hooks.rb:38:in `execute_hook'
  activesupport (4.2.4) lib/active_support/lazy_load_hooks.rb:45:in `block in run_load_hooks'
  activesupport (4.2.4) lib/active_support/lazy_load_hooks.rb:44:in `each'
  activesupport (4.2.4) lib/active_support/lazy_load_hooks.rb:44:in `run_load_hooks'
  activerecord (4.2.4) lib/active_record/base.rb:315:in `<module:ActiveRecord>'
  activerecord (4.2.4) lib/active_record/base.rb:26:in `<top (required)>'
  activerecord (4.2.4) lib/active_record/migration.rb:383:in `connection'
  activerecord (4.2.4) lib/active_record/migration.rb:370:in `call'
  actionpack (4.2.4) lib/action_dispatch/middleware/callbacks.rb:29:in `block in call'
  activesupport (4.2.4) lib/active_support/callbacks.rb:88:in `__run_callbacks__'
  activesupport (4.2.4) lib/active_support/callbacks.rb:778:in `_run_call_callbacks'
  activesupport (4.2.4) lib/active_support/callbacks.rb:81:in `run_callbacks'
  actionpack (4.2.4) lib/action_dispatch/middleware/callbacks.rb:27:in `call'
  actionpack (4.2.4) lib/action_dispatch/middleware/reloader.rb:73:in `call'
  actionpack (4.2.4) lib/action_dispatch/middleware/remote_ip.rb:78:in `call'
  actionpack (4.2.4) lib/action_dispatch/middleware/debug_exceptions.rb:17:in `call'
  actionpack (4.2.4) lib/action_dispatch/middleware/show_exceptions.rb:30:in `call'
  railties (4.2.4) lib/rails/rack/logger.rb:38:in `call_app'
  railties (4.2.4) lib/rails/rack/logger.rb:20:in `block in call'
  activesupport (4.2.4) lib/active_support/tagged_logging.rb:68:in `block in tagged'
  activesupport (4.2.4) lib/active_support/tagged_logging.rb:26:in `tagged'
  activesupport (4.2.4) lib/active_support/tagged_logging.rb:68:in `tagged'
  railties (4.2.4) lib/rails/rack/logger.rb:20:in `call'
  actionpack (4.2.4) lib/action_dispatch/middleware/request_id.rb:21:in `call'
  rack (1.6.4) lib/rack/methodoverride.rb:22:in `call'
  rack (1.6.4) lib/rack/runtime.rb:18:in `call'
  activesupport (4.2.4) lib/active_support/cache/strategy/local_cache_middleware.rb:28:in `call'
  rack (1.6.4) lib/rack/lock.rb:17:in `call'
  actionpack (4.2.4) lib/action_dispatch/middleware/static.rb:116:in `call'
  rack (1.6.4) lib/rack/sendfile.rb:113:in `call'
  railties (4.2.4) lib/rails/engine.rb:518:in `call'
  railties (4.2.4) lib/rails/application.rb:165:in `call'
  rack (1.6.4) lib/rack/lock.rb:17:in `call'
  rack (1.6.4) lib/rack/content_length.rb:15:in `call'
  rack (1.6.4) lib/rack/handler/webrick.rb:88:in `service'
  /Users/41075/.rvm/rubies/ruby-2.2.0/lib/ruby/2.2.0/webrick/httpserver.rb:138:in `service'
  /Users/41075/.rvm/rubies/ruby-2.2.0/lib/ruby/2.2.0/webrick/httpserver.rb:94:in `run'
  /Users/41075/.rvm/rubies/ruby-2.2.0/lib/ruby/2.2.0/webrick/server.rb:294:in `block in start_thread'


  Rendered /Users/41075/.rvm/gems/ruby-2.2.0/gems/actionpack-4.2.4/lib/action_dispatch/middleware/templates/rescues/_source.erb (3.6ms)
  Rendered /Users/41075/.rvm/gems/ruby-2.2.0/gems/actionpack-4.2.4/lib/action_dispatch/middleware/templates/rescues/_trace.html.erb (1.3ms)
  Rendered /Users/41075/.rvm/gems/ruby-2.2.0/gems/actionpack-4.2.4/lib/action_dispatch/middleware/templates/rescues/_request_and_response.html.erb (0.6ms)
  Rendered /Users/41075/.rvm/gems/ruby-2.2.0/gems/actionpack-4.2.4/lib/action_dispatch/middleware/templates/rescues/diagnostics.html.erb within rescues/layout (40.0ms)


Started GET "/" for ::1 at 2016-09-20 13:39:32 -0500
Processing by MainController#index as HTML
  Rendered main/index.html.haml within layouts/application (1.3ms)
Completed 200 OK in 381ms (Views: 370.3ms)


Started GET "/assets/application.self-e80e8f2318043e8af94dddc2adad5a4f09739a8ebb323b3ab31cd71d45fd9113.css?body=1" for ::1 at 2016-09-20 13:39:32 -0500


Started GET "/assets/jquery_ujs.self-784a997f6726036b1993eb2217c9cb558e1cbb801c6da88105588c56f13b466a.js?body=1" for ::1 at 2016-09-20 13:39:32 -0500


Started GET "/assets/turbolinks.self-c5acd7a204f5f25ce7a1d8a0e4d92e28d34c9e2df2c7371cd7af88e147e4ad82.js?body=1" for ::1 at 2016-09-20 13:39:32 -0500


Started GET "/assets/jquery.self-bd7ddd393353a8d2480a622e80342adf488fb6006d667e8b42e4c0073393abee.js?body=1" for ::1 at 2016-09-20 13:39:32 -0500


Started GET "/assets/application.self-3b8dabdc891efe46b9a144b400ad69e37d7e5876bdc39dee783419a69d7ca819.js?body=1" for ::1 at 2016-09-20 13:39:32 -0500


Started GET "/" for ::1 at 2016-09-20 14:31:26 -0500
Processing by MainController#index as HTML
  Rendered main/index.html.haml within layouts/application (1.2ms)
Completed 200 OK in 15ms (Views: 14.8ms)


Started GET "/" for ::1 at 2016-09-20 14:31:37 -0500
Processing by MainController#index as HTML
  Rendered main/index.html.haml within layouts/application (1.3ms)
Completed 200 OK in 12ms (Views: 11.6ms)


Started GET "/assets/application.self-e80e8f2318043e8af94dddc2adad5a4f09739a8ebb323b3ab31cd71d45fd9113.css?body=1" for ::1 at 2016-09-20 14:31:37 -0500


Started GET "/assets/jquery.self-bd7ddd393353a8d2480a622e80342adf488fb6006d667e8b42e4c0073393abee.js?body=1" for ::1 at 2016-09-20 14:31:37 -0500


Started GET "/assets/turbolinks.self-c5acd7a204f5f25ce7a1d8a0e4d92e28d34c9e2df2c7371cd7af88e147e4ad82.js?body=1" for ::1 at 2016-09-20 14:31:37 -0500


Started GET "/assets/jquery_ujs.self-784a997f6726036b1993eb2217c9cb558e1cbb801c6da88105588c56f13b466a.js?body=1" for ::1 at 2016-09-20 14:31:37 -0500


Started GET "/assets/application.self-3b8dabdc891efe46b9a144b400ad69e37d7e5876bdc39dee783419a69d7ca819.js?body=1" for ::1 at 2016-09-20 14:31:37 -0500


Started GET "/" for ::1 at 2016-09-20 14:32:04 -0500
Processing by MainController#index as HTML
  Rendered main/index.html.haml within layouts/application (1.5ms)
Completed 200 OK in 20ms (Views: 19.2ms)


Started GET "/assets/application.self-e80e8f2318043e8af94dddc2adad5a4f09739a8ebb323b3ab31cd71d45fd9113.css?body=1" for ::1 at 2016-09-20 14:32:04 -0500


Started GET "/assets/application.self-3b8dabdc891efe46b9a144b400ad69e37d7e5876bdc39dee783419a69d7ca819.js?body=1" for ::1 at 2016-09-20 14:32:04 -0500


Started GET "/assets/jquery_ujs.self-784a997f6726036b1993eb2217c9cb558e1cbb801c6da88105588c56f13b466a.js?body=1" for ::1 at 2016-09-20 14:32:04 -0500


Started GET "/assets/jquery.self-bd7ddd393353a8d2480a622e80342adf488fb6006d667e8b42e4c0073393abee.js?body=1" for ::1 at 2016-09-20 14:32:04 -0500


Started GET "/assets/turbolinks.self-c5acd7a204f5f25ce7a1d8a0e4d92e28d34c9e2df2c7371cd7af88e147e4ad82.js?body=1" for ::1 at 2016-09-20 14:32:04 -0500


Started GET "/" for ::1 at 2016-09-20 14:32:16 -0500
Processing by MainController#index as HTML
  Rendered main/index.html.haml within layouts/application (1.9ms)
Completed 200 OK in 20ms (Views: 19.5ms)


Started GET "/assets/jquery.self-bd7ddd393353a8d2480a622e80342adf488fb6006d667e8b42e4c0073393abee.js?body=1" for ::1 at 2016-09-20 14:32:16 -0500


Started GET "/assets/application.self-e80e8f2318043e8af94dddc2adad5a4f09739a8ebb323b3ab31cd71d45fd9113.css?body=1" for ::1 at 2016-09-20 14:32:16 -0500


Started GET "/assets/jquery_ujs.self-784a997f6726036b1993eb2217c9cb558e1cbb801c6da88105588c56f13b466a.js?body=1" for ::1 at 2016-09-20 14:32:16 -0500


Started GET "/assets/application.self-3b8dabdc891efe46b9a144b400ad69e37d7e5876bdc39dee783419a69d7ca819.js?body=1" for ::1 at 2016-09-20 14:32:16 -0500


Started GET "/assets/turbolinks.self-c5acd7a204f5f25ce7a1d8a0e4d92e28d34c9e2df2c7371cd7af88e147e4ad82.js?body=1" for ::1 at 2016-09-20 14:32:16 -0500


Started GET "/" for ::1 at 2016-09-20 14:35:40 -0500
Processing by MainController#index as HTML
  Rendered main/index.html.haml within layouts/application (2.0ms)
Completed 500 Internal Server Error in 5ms

SyntaxError (/Users/41075/projects/tcs_whereis/app/views/main/index.html.haml:11: syntax error, unexpected keyword_ensure, expecting end-of-input):
  app/views/main/index.html.haml:11: syntax error, unexpected keyword_ensure, expecting end-of-input


  Rendered /Users/41075/.rvm/gems/ruby-2.2.0/gems/actionpack-4.2.4/lib/action_dispatch/middleware/templates/rescues/_source.erb (4.0ms)
  Rendered /Users/41075/.rvm/gems/ruby-2.2.0/gems/actionpack-4.2.4/lib/action_dispatch/middleware/templates/rescues/_trace.html.erb (2.1ms)
  Rendered /Users/41075/.rvm/gems/ruby-2.2.0/gems/actionpack-4.2.4/lib/action_dispatch/middleware/templates/rescues/_request_and_response.html.erb (0.8ms)
  Rendered /Users/41075/.rvm/gems/ruby-2.2.0/gems/actionpack-4.2.4/lib/action_dispatch/middleware/templates/rescues/diagnostics.html.erb within rescues/layout (39.5ms)


Started GET "/" for ::1 at 2016-09-20 14:36:01 -0500
Processing by MainController#index as HTML
  Rendered main/index.html.haml within layouts/application (1.4ms)
Completed 200 OK in 11ms (Views: 10.4ms)


Started GET "/assets/jquery.self-bd7ddd393353a8d2480a622e80342adf488fb6006d667e8b42e4c0073393abee.js?body=1" for ::1 at 2016-09-20 14:36:02 -0500


Started GET "/assets/application.self-e80e8f2318043e8af94dddc2adad5a4f09739a8ebb323b3ab31cd71d45fd9113.css?body=1" for ::1 at 2016-09-20 14:36:02 -0500


Started GET "/assets/jquery_ujs.self-784a997f6726036b1993eb2217c9cb558e1cbb801c6da88105588c56f13b466a.js?body=1" for ::1 at 2016-09-20 14:36:02 -0500


Started GET "/assets/turbolinks.self-c5acd7a204f5f25ce7a1d8a0e4d92e28d34c9e2df2c7371cd7af88e147e4ad82.js?body=1" for ::1 at 2016-09-20 14:36:02 -0500


Started GET "/assets/application.self-3b8dabdc891efe46b9a144b400ad69e37d7e5876bdc39dee783419a69d7ca819.js?body=1" for ::1 at 2016-09-20 14:36:02 -0500


Started POST "/sms_incoming" for ::1 at 2016-09-20 14:36:12 -0500
Processing by SmsController#incoming as HTML
  Parameters: {"utf8"=>"✓", "authenticity_token"=>"Pwdot9zGjBL0JOLH4IGQbPa4npJ2TAYWSGYh1Vj+5KYQsG4IqS6M0ObwHrXNs0zBTM5ysmiAe85YA8EfxlJmug==", "query"=>"we sell the hard stuff", "commit"=>"Submit"}
Completed 500 Internal Server Error in 0ms

NoMethodError (undefined method `+' for nil:NilClass):
  app/controllers/sms_controller.rb:18:in `reply_for'
  app/controllers/sms_controller.rb:6:in `incoming'


  Rendered /Users/41075/.rvm/gems/ruby-2.2.0/gems/actionpack-4.2.4/lib/action_dispatch/middleware/templates/rescues/_source.erb (3.1ms)
  Rendered /Users/41075/.rvm/gems/ruby-2.2.0/gems/actionpack-4.2.4/lib/action_dispatch/middleware/templates/rescues/_trace.html.erb (1.4ms)
  Rendered /Users/41075/.rvm/gems/ruby-2.2.0/gems/actionpack-4.2.4/lib/action_dispatch/middleware/templates/rescues/_request_and_response.html.erb (0.6ms)
  Rendered /Users/41075/.rvm/gems/ruby-2.2.0/gems/actionpack-4.2.4/lib/action_dispatch/middleware/templates/rescues/diagnostics.html.erb within rescues/layout (35.5ms)


Started POST "/sms_incoming" for ::1 at 2016-09-20 14:37:00 -0500

ActionController::RoutingError (No route matches [POST] "/sms_incoming"):
  actionpack (4.2.4) lib/action_dispatch/middleware/debug_exceptions.rb:21:in `call'
  actionpack (4.2.4) lib/action_dispatch/middleware/show_exceptions.rb:30:in `call'
  railties (4.2.4) lib/rails/rack/logger.rb:38:in `call_app'
  railties (4.2.4) lib/rails/rack/logger.rb:20:in `block in call'
  activesupport (4.2.4) lib/active_support/tagged_logging.rb:68:in `block in tagged'
  activesupport (4.2.4) lib/active_support/tagged_logging.rb:26:in `tagged'
  activesupport (4.2.4) lib/active_support/tagged_logging.rb:68:in `tagged'
  railties (4.2.4) lib/rails/rack/logger.rb:20:in `call'
  actionpack (4.2.4) lib/action_dispatch/middleware/request_id.rb:21:in `call'
  rack (1.6.4) lib/rack/methodoverride.rb:22:in `call'
  rack (1.6.4) lib/rack/runtime.rb:18:in `call'
  activesupport (4.2.4) lib/active_support/cache/strategy/local_cache_middleware.rb:28:in `call'
  rack (1.6.4) lib/rack/lock.rb:17:in `call'
  actionpack (4.2.4) lib/action_dispatch/middleware/static.rb:116:in `call'
  rack (1.6.4) lib/rack/sendfile.rb:113:in `call'
  railties (4.2.4) lib/rails/engine.rb:518:in `call'
  railties (4.2.4) lib/rails/application.rb:165:in `call'
  rack (1.6.4) lib/rack/lock.rb:17:in `call'
  rack (1.6.4) lib/rack/content_length.rb:15:in `call'
  rack (1.6.4) lib/rack/handler/webrick.rb:88:in `service'
  /Users/41075/.rvm/rubies/ruby-2.2.0/lib/ruby/2.2.0/webrick/httpserver.rb:138:in `service'
  /Users/41075/.rvm/rubies/ruby-2.2.0/lib/ruby/2.2.0/webrick/httpserver.rb:94:in `run'
  /Users/41075/.rvm/rubies/ruby-2.2.0/lib/ruby/2.2.0/webrick/server.rb:294:in `block in start_thread'


  Rendered /Users/41075/.rvm/gems/ruby-2.2.0/gems/actionpack-4.2.4/lib/action_dispatch/middleware/templates/rescues/_trace.html.erb (1.1ms)
  Rendered /Users/41075/.rvm/gems/ruby-2.2.0/gems/actionpack-4.2.4/lib/action_dispatch/middleware/templates/routes/_route.html.erb (0.8ms)
  Rendered /Users/41075/.rvm/gems/ruby-2.2.0/gems/actionpack-4.2.4/lib/action_dispatch/middleware/templates/routes/_table.html.erb (5.9ms)
  Rendered /Users/41075/.rvm/gems/ruby-2.2.0/gems/actionpack-4.2.4/lib/action_dispatch/middleware/templates/rescues/_request_and_response.html.erb (1.1ms)
  Rendered /Users/41075/.rvm/gems/ruby-2.2.0/gems/actionpack-4.2.4/lib/action_dispatch/middleware/templates/rescues/routing_error.html.erb within rescues/layout (67.9ms)


Started GET "/" for ::1 at 2016-09-20 14:37:03 -0500
Processing by MainController#index as HTML
  Rendered main/index.html.haml within layouts/application (1.6ms)
Completed 200 OK in 11ms (Views: 10.7ms)


Started POST "/" for ::1 at 2016-09-20 14:37:09 -0500

ActionController::RoutingError (No route matches [POST] "/"):
  actionpack (4.2.4) lib/action_dispatch/middleware/debug_exceptions.rb:21:in `call'
  actionpack (4.2.4) lib/action_dispatch/middleware/show_exceptions.rb:30:in `call'
  railties (4.2.4) lib/rails/rack/logger.rb:38:in `call_app'
  railties (4.2.4) lib/rails/rack/logger.rb:20:in `block in call'
  activesupport (4.2.4) lib/active_support/tagged_logging.rb:68:in `block in tagged'
  activesupport (4.2.4) lib/active_support/tagged_logging.rb:26:in `tagged'
  activesupport (4.2.4) lib/active_support/tagged_logging.rb:68:in `tagged'
  railties (4.2.4) lib/rails/rack/logger.rb:20:in `call'
  actionpack (4.2.4) lib/action_dispatch/middleware/request_id.rb:21:in `call'
  rack (1.6.4) lib/rack/methodoverride.rb:22:in `call'
  rack (1.6.4) lib/rack/runtime.rb:18:in `call'
  activesupport (4.2.4) lib/active_support/cache/strategy/local_cache_middleware.rb:28:in `call'
  rack (1.6.4) lib/rack/lock.rb:17:in `call'
  actionpack (4.2.4) lib/action_dispatch/middleware/static.rb:116:in `call'
  rack (1.6.4) lib/rack/sendfile.rb:113:in `call'
  railties (4.2.4) lib/rails/engine.rb:518:in `call'
  railties (4.2.4) lib/rails/application.rb:165:in `call'
  rack (1.6.4) lib/rack/lock.rb:17:in `call'
  rack (1.6.4) lib/rack/content_length.rb:15:in `call'
  rack (1.6.4) lib/rack/handler/webrick.rb:88:in `service'
  /Users/41075/.rvm/rubies/ruby-2.2.0/lib/ruby/2.2.0/webrick/httpserver.rb:138:in `service'
  /Users/41075/.rvm/rubies/ruby-2.2.0/lib/ruby/2.2.0/webrick/httpserver.rb:94:in `run'
  /Users/41075/.rvm/rubies/ruby-2.2.0/lib/ruby/2.2.0/webrick/server.rb:294:in `block in start_thread'


  Rendered /Users/41075/.rvm/gems/ruby-2.2.0/gems/actionpack-4.2.4/lib/action_dispatch/middleware/templates/rescues/_trace.html.erb (1.0ms)
  Rendered /Users/41075/.rvm/gems/ruby-2.2.0/gems/actionpack-4.2.4/lib/action_dispatch/middleware/templates/routes/_route.html.erb (0.5ms)
  Rendered /Users/41075/.rvm/gems/ruby-2.2.0/gems/actionpack-4.2.4/lib/action_dispatch/middleware/templates/routes/_table.html.erb (1.0ms)
  Rendered /Users/41075/.rvm/gems/ruby-2.2.0/gems/actionpack-4.2.4/lib/action_dispatch/middleware/templates/rescues/_request_and_response.html.erb (1.0ms)
  Rendered /Users/41075/.rvm/gems/ruby-2.2.0/gems/actionpack-4.2.4/lib/action_dispatch/middleware/templates/rescues/routing_error.html.erb within rescues/layout (44.2ms)


Started POST "/" for ::1 at 2016-09-20 14:37:45 -0500
Processing by MainController#index as HTML
  Parameters: {"utf8"=>"✓", "authenticity_token"=>"UmSUYI9f7QyjaCjZd646aPulHFDPeNznmuvnl3UM7+l905Lf+rftzrG81KtanObFQdPwcNG0oT+Kjgdd66Bt9Q==", "query"=>"we sell the hard stuff", "commit"=>"Submit"}
  Rendered main/index.html.haml within layouts/application (0.4ms)
Completed 200 OK in 15ms (Views: 15.0ms)


Started GET "/assets/jquery.self-bd7ddd393353a8d2480a622e80342adf488fb6006d667e8b42e4c0073393abee.js?body=1" for ::1 at 2016-09-20 14:37:45 -0500


Started GET "/assets/application.self-e80e8f2318043e8af94dddc2adad5a4f09739a8ebb323b3ab31cd71d45fd9113.css?body=1" for ::1 at 2016-09-20 14:37:45 -0500


Started GET "/assets/jquery_ujs.self-784a997f6726036b1993eb2217c9cb558e1cbb801c6da88105588c56f13b466a.js?body=1" for ::1 at 2016-09-20 14:37:45 -0500


Started GET "/assets/turbolinks.self-c5acd7a204f5f25ce7a1d8a0e4d92e28d34c9e2df2c7371cd7af88e147e4ad82.js?body=1" for ::1 at 2016-09-20 14:37:45 -0500


Started GET "/assets/application.self-3b8dabdc891efe46b9a144b400ad69e37d7e5876bdc39dee783419a69d7ca819.js?body=1" for ::1 at 2016-09-20 14:37:45 -0500


Started POST "/" for ::1 at 2016-09-20 14:37:51 -0500
Processing by MainController#index as HTML
  Parameters: {"utf8"=>"✓", "authenticity_token"=>"hL2PDDeYE1T9REhTfFVai6us2jBljjZ4V5qE8oJ1n1irComzQnATlu+QtCFRZ4YmEdo2EHtCS6BH/2Q4HNkdRA==", "query"=>"we sell the hard stuff", "commit"=>"Submit"}
  Rendered main/index.html.haml within layouts/application (0.5ms)
Completed 200 OK in 12ms (Views: 11.2ms)


Started POST "/" for ::1 at 2016-09-20 14:39:56 -0500
Processing by MainController#index as HTML
  Parameters: {"utf8"=>"✓", "authenticity_token"=>"dq3OyCgzPny/iVisDshwnMGOjr86nsHRmsE3fKsnWmxZGsh3Xds+vq1dpN4j+qwxe/hinyRSvAmKpNe2NYvYcA==", "query"=>"we sell the hard stuff", "commit"=>"Submit"}
  Rendered main/index.html.haml within layouts/application (0.6ms)
Completed 200 OK in 12ms (Views: 11.2ms)


Started GET "/" for ::1 at 2016-09-20 14:40:01 -0500
Processing by MainController#index as HTML
  Rendered main/index.html.haml within layouts/application (0.5ms)
Completed 200 OK in 10ms (Views: 9.8ms)


Started POST "/" for ::1 at 2016-09-20 14:44:00 -0500

SyntaxError (/Users/41075/projects/tcs_whereis/app/controllers/main_controller.rb:4: syntax error, unexpected tIDENTIFIER, expecting keyword_do or '{' or '('
  		@response = ['The query', reply_for params[:query]]
  		                                          ^
/Users/41075/projects/tcs_whereis/app/controllers/main_controller.rb:4: syntax error, unexpected ']', expecting keyword_end
/Users/41075/projects/tcs_whereis/app/controllers/main_controller.rb:49: syntax error, unexpected end-of-input, expecting keyword_end):
  app/controllers/main_controller.rb:4: syntax error, unexpected tIDENTIFIER, expecting keyword_do or '{' or '('
  app/controllers/main_controller.rb:4: syntax error, unexpected ']', expecting keyword_end
  app/controllers/main_controller.rb:49: syntax error, unexpected end-of-input, expecting keyword_end


  Rendered /Users/41075/.rvm/gems/ruby-2.2.0/gems/actionpack-4.2.4/lib/action_dispatch/middleware/templates/rescues/_source.erb (2.9ms)
  Rendered /Users/41075/.rvm/gems/ruby-2.2.0/gems/actionpack-4.2.4/lib/action_dispatch/middleware/templates/rescues/_trace.html.erb (1.6ms)
  Rendered /Users/41075/.rvm/gems/ruby-2.2.0/gems/actionpack-4.2.4/lib/action_dispatch/middleware/templates/rescues/_request_and_response.html.erb (1.0ms)
  Rendered /Users/41075/.rvm/gems/ruby-2.2.0/gems/actionpack-4.2.4/lib/action_dispatch/middleware/templates/rescues/diagnostics.html.erb within rescues/layout (37.7ms)


Started POST "/" for ::1 at 2016-09-20 14:45:05 -0500
Processing by MainController#index as HTML
  Parameters: {"utf8"=>"✓", "authenticity_token"=>"ZopqRvTm8gS/zGMZpXz+7Qazg7m0It5/UTGYFWjjmf1JPWz5gQ7yxq0Yn2uITiJAvMVvmaruo6dBVHjf9k8b4Q==", "query"=>"we sell the hard stuff", "commit"=>"Submit"}
  Rendered main/index.html.haml within layouts/application (0.6ms)
Completed 200 OK in 10ms (Views: 9.9ms)


Started GET "/assets/application.self-e80e8f2318043e8af94dddc2adad5a4f09739a8ebb323b3ab31cd71d45fd9113.css?body=1" for ::1 at 2016-09-20 14:45:05 -0500


Started GET "/assets/jquery.self-bd7ddd393353a8d2480a622e80342adf488fb6006d667e8b42e4c0073393abee.js?body=1" for ::1 at 2016-09-20 14:45:05 -0500


Started GET "/assets/jquery_ujs.self-784a997f6726036b1993eb2217c9cb558e1cbb801c6da88105588c56f13b466a.js?body=1" for ::1 at 2016-09-20 14:45:05 -0500


Started GET "/assets/turbolinks.self-c5acd7a204f5f25ce7a1d8a0e4d92e28d34c9e2df2c7371cd7af88e147e4ad82.js?body=1" for ::1 at 2016-09-20 14:45:05 -0500


Started GET "/assets/application.self-3b8dabdc891efe46b9a144b400ad69e37d7e5876bdc39dee783419a69d7ca819.js?body=1" for ::1 at 2016-09-20 14:45:05 -0500


Started POST "/" for ::1 at 2016-09-20 14:45:29 -0500
Processing by MainController#index as HTML
  Parameters: {"utf8"=>"✓", "authenticity_token"=>"6u5DYY4f+EWxD6a5KJoC9bJUQ7NM+X4wW56F193l30nFWUXe+/f4h6PbWssFqN5YCCKvk1I1A+hL+2UdQ0ldVQ==", "query"=>"1 great = 3 good", "commit"=>"Submit"}
  Rendered main/index.html.haml within layouts/application (0.5ms)
Completed 200 OK in 9ms (Views: 8.9ms)


Started GET "/" for ::1 at 2016-09-20 14:59:21 -0500
Processing by MainController#index as HTML
  Rendered main/index.html.haml within layouts/application (1.4ms)
Completed 200 OK in 11ms (Views: 10.3ms)


Started POST "/" for ::1 at 2016-09-20 14:59:27 -0500
Processing by MainController#index as HTML
  Parameters: {"utf8"=>"✓", "authenticity_token"=>"k06JYR1ByQfC5Cs3Gy87OX5zhSfmTAJ/wCtHhM8nIcW8+Y/eaKnJxdAw10U2HeeUxAVpB/iAf6fQTqdOUYuj2Q==", "query"=>"all eyes on elfa", "commit"=>"Submit"}
  Rendered main/index.html.haml within layouts/application (0.5ms)
Completed 200 OK in 10ms (Views: 9.3ms)


Started GET "/" for ::1 at 2016-09-20 14:59:41 -0500
Processing by MainController#index as HTML
  Rendered main/index.html.haml within layouts/application (1.5ms)
Completed 200 OK in 11ms (Views: 10.2ms)


Started GET "/assets/application.self-e80e8f2318043e8af94dddc2adad5a4f09739a8ebb323b3ab31cd71d45fd9113.css?body=1" for ::1 at 2016-09-20 14:59:42 -0500


Started GET "/assets/jquery.self-bd7ddd393353a8d2480a622e80342adf488fb6006d667e8b42e4c0073393abee.js?body=1" for ::1 at 2016-09-20 14:59:42 -0500


Started GET "/assets/application.self-3b8dabdc891efe46b9a144b400ad69e37d7e5876bdc39dee783419a69d7ca819.js?body=1" for ::1 at 2016-09-20 14:59:42 -0500


Started GET "/assets/jquery_ujs.self-784a997f6726036b1993eb2217c9cb558e1cbb801c6da88105588c56f13b466a.js?body=1" for ::1 at 2016-09-20 14:59:42 -0500


Started GET "/assets/turbolinks.self-c5acd7a204f5f25ce7a1d8a0e4d92e28d34c9e2df2c7371cd7af88e147e4ad82.js?body=1" for ::1 at 2016-09-20 14:59:42 -0500


Started POST "/" for ::1 at 2016-09-20 14:59:46 -0500
Processing by MainController#index as HTML
  Parameters: {"utf8"=>"✓", "authenticity_token"=>"q38mT1E3LGmzjoGHPD5GTQRhtyiB7Ns9kOyeTVUiv5SEyCDwJN8sq6FaffURDJrgvhdbCJ8gpuWAiX6Hy449iA==", "query"=>"all eyes on elfa", "commit"=>"Submit"}
  Rendered main/index.html.haml within layouts/application (0.5ms)
Completed 200 OK in 10ms (Views: 9.8ms)


Started GET "/" for ::1 at 2016-09-20 15:35:35 -0500
Processing by MainController#index as HTML
  Rendered main/index.html.haml within layouts/application (1.7ms)
Completed 200 OK in 13ms (Views: 12.7ms)


Started GET "/" for ::1 at 2016-09-20 15:35:48 -0500
Processing by MainController#index as HTML
  Rendered main/index.html.haml within layouts/application (2.8ms)
Completed 200 OK in 215ms (Views: 206.3ms)


Started GET "/assets/application.self-e80e8f2318043e8af94dddc2adad5a4f09739a8ebb323b3ab31cd71d45fd9113.css?body=1" for ::1 at 2016-09-20 15:35:48 -0500


Started GET "/assets/jquery.self-bd7ddd393353a8d2480a622e80342adf488fb6006d667e8b42e4c0073393abee.js?body=1" for ::1 at 2016-09-20 15:35:48 -0500


Started GET "/assets/jquery_ujs.self-784a997f6726036b1993eb2217c9cb558e1cbb801c6da88105588c56f13b466a.js?body=1" for ::1 at 2016-09-20 15:35:48 -0500


Started GET "/assets/application.self-3b8dabdc891efe46b9a144b400ad69e37d7e5876bdc39dee783419a69d7ca819.js?body=1" for ::1 at 2016-09-20 15:35:48 -0500


Started GET "/assets/turbolinks.self-c5acd7a204f5f25ce7a1d8a0e4d92e28d34c9e2df2c7371cd7af88e147e4ad82.js?body=1" for ::1 at 2016-09-20 15:35:48 -0500


Started GET "/" for ::1 at 2016-09-20 15:38:31 -0500
Processing by MainController#index as HTML
  Rendered main/index.html.haml within layouts/application (2.4ms)
Completed 500 Internal Server Error in 149ms

ActionView::Template::Error (File to import not found or unreadable: bootstrap-sprockets.
Load paths:
  /Users/41075/projects/tcs_whereis/app/assets/images
  /Users/41075/projects/tcs_whereis/app/assets/javascripts
  /Users/41075/projects/tcs_whereis/app/assets/stylesheets
  /Users/41075/projects/tcs_whereis/vendor/assets/javascripts
  /Users/41075/projects/tcs_whereis/vendor/assets/stylesheets
  /Users/41075/.rvm/gems/ruby-2.2.0/gems/jquery-rails-4.2.1/vendor/assets/javascripts
  /Users/41075/.rvm/gems/ruby-2.2.0/gems/turbolinks-source-5.0.0/lib/assets/javascripts):
    2: <html>
    3: <head>
    4:   <title>TcsWhereis</title>
    5:   <%= stylesheet_link_tag    'application', media: 'all', 'data-turbolinks-track' => true %>
    6:   <%= javascript_include_tag 'application', 'data-turbolinks-track' => true %>
    7:   <%= csrf_meta_tags %>
    8: </head>
  app/assets/stylesheets/application.scss:19
  app/views/layouts/application.html.erb:5:in `_app_views_layouts_application_html_erb__1751646905091837450_70115247711600'


  Rendered /Users/41075/.rvm/gems/ruby-2.2.0/gems/actionpack-4.2.4/lib/action_dispatch/middleware/templates/rescues/_source.erb (7.3ms)
  Rendered /Users/41075/.rvm/gems/ruby-2.2.0/gems/actionpack-4.2.4/lib/action_dispatch/middleware/templates/rescues/_trace.html.erb (2.9ms)
  Rendered /Users/41075/.rvm/gems/ruby-2.2.0/gems/actionpack-4.2.4/lib/action_dispatch/middleware/templates/rescues/_request_and_response.html.erb (0.9ms)
  Rendered /Users/41075/.rvm/gems/ruby-2.2.0/gems/actionpack-4.2.4/lib/action_dispatch/middleware/templates/rescues/template_error.html.erb within rescues/layout (64.2ms)


Started GET "/" for ::1 at 2016-09-20 15:57:54 -0500
Processing by MainController#index as HTML
  Rendered main/index.html.haml within layouts/application (2.2ms)
Completed 500 Internal Server Error in 135ms

ActionView::Template::Error (File to import not found or unreadable: bootstrap-sprockets.
Load paths:
  /Users/41075/projects/tcs_whereis/app/assets/images
  /Users/41075/projects/tcs_whereis/app/assets/javascripts
  /Users/41075/projects/tcs_whereis/app/assets/stylesheets
  /Users/41075/projects/tcs_whereis/vendor/assets/javascripts
  /Users/41075/projects/tcs_whereis/vendor/assets/stylesheets
  /Users/41075/.rvm/gems/ruby-2.2.0/gems/jquery-rails-4.2.1/vendor/assets/javascripts
  /Users/41075/.rvm/gems/ruby-2.2.0/gems/turbolinks-source-5.0.0/lib/assets/javascripts):
    2: <html>
    3: <head>
    4:   <title>TcsWhereis</title>
    5:   <%= stylesheet_link_tag    'application', media: 'all', 'data-turbolinks-track' => true %>
    6:   <%= javascript_include_tag 'application', 'data-turbolinks-track' => true %>
    7:   <%= csrf_meta_tags %>
    8: </head>
  app/assets/stylesheets/application.scss:17
  app/views/layouts/application.html.erb:5:in `_app_views_layouts_application_html_erb__1283911297307723557_70134756772580'


  Rendered /Users/41075/.rvm/gems/ruby-2.2.0/gems/actionpack-4.2.4/lib/action_dispatch/middleware/templates/rescues/_source.erb (7.4ms)
  Rendered /Users/41075/.rvm/gems/ruby-2.2.0/gems/actionpack-4.2.4/lib/action_dispatch/middleware/templates/rescues/_trace.html.erb (2.9ms)
  Rendered /Users/41075/.rvm/gems/ruby-2.2.0/gems/actionpack-4.2.4/lib/action_dispatch/middleware/templates/rescues/_request_and_response.html.erb (0.8ms)
  Rendered /Users/41075/.rvm/gems/ruby-2.2.0/gems/actionpack-4.2.4/lib/action_dispatch/middleware/templates/rescues/template_error.html.erb within rescues/layout (64.9ms)


Started GET "/" for ::1 at 2016-09-20 15:59:53 -0500
Processing by MainController#index as HTML
  Rendered main/index.html.haml within layouts/application (2.9ms)
Completed 200 OK in 3291ms (Views: 3284.7ms)


Started GET "/assets/application.self-19b109df44a171bfc4f6e594a845e9b29109c4a2438bcfb1ea4940f15740a4e0.css?body=1" for ::1 at 2016-09-20 15:59:56 -0500


Started GET "/assets/bootstrap/alert.self-742145c5bb847aafdadc6e339be795628f8bc25f177e851f03a8c42278eb0312.js?body=1" for ::1 at 2016-09-20 15:59:56 -0500


Started GET "/assets/bootstrap/carousel.self-e47323f363ceb3dc0bdbce05e36e709ed428e339833a41140a85cb0af24b8127.js?body=1" for ::1 at 2016-09-20 15:59:56 -0500


Started GET "/assets/jquery.self-bd7ddd393353a8d2480a622e80342adf488fb6006d667e8b42e4c0073393abee.js?body=1" for ::1 at 2016-09-20 15:59:56 -0500


Started GET "/assets/bootstrap/transition.self-6ad2488465135ab731a045a8ebbe3ea2fc501aed286042496eda1664fdd07ba9.js?body=1" for ::1 at 2016-09-20 15:59:56 -0500


Started GET "/assets/bootstrap/button.self-126ac9bf0e7f2d8568f8da3a00fd5f0fac6eae0946331003370161fbf8d7975e.js?body=1" for ::1 at 2016-09-20 15:59:56 -0500


Started GET "/assets/bootstrap/collapse.self-2eb697f62b587bb786ff940d82dd4be88cdeeaf13ca128e3da3850c5fcaec301.js?body=1" for ::1 at 2016-09-20 15:59:56 -0500


Started GET "/assets/bootstrap/dropdown.self-561cca1cbaf67474e01e9536f106bad541594860a6df997004591c1c1957a147.js?body=1" for ::1 at 2016-09-20 15:59:56 -0500


Started GET "/assets/bootstrap/modal.self-3e78617ade5663314b7ee0ea10375a5b34d59ffbade44939e3f2a4e4ef2019b3.js?body=1" for ::1 at 2016-09-20 15:59:56 -0500


Started GET "/assets/bootstrap/tab.self-5bf7078b682f8b131332eefa46b45fa5eff2eca745fc0d03e2991450888f7c28.js?body=1" for ::1 at 2016-09-20 15:59:56 -0500


Started GET "/assets/bootstrap/affix.self-6d6f1a7fc5c8aabf3547fa1b794fab6268f54bc55ad815e55873c71f52513517.js?body=1" for ::1 at 2016-09-20 15:59:56 -0500


Started GET "/assets/bootstrap/scrollspy.self-969f3c5f48cdf1e439c7fa1154c13b948715f5c689f87837c0b64521d3b46ef6.js?body=1" for ::1 at 2016-09-20 15:59:56 -0500


Started GET "/assets/bootstrap/tooltip.self-05afb177e08f98997ccfc84fa08a215e4b27d48d5fe4d049080675e9dffd8199.js?body=1" for ::1 at 2016-09-20 15:59:56 -0500


Started GET "/assets/bootstrap/popover.self-0aa93860b59fe7393f1dd490f54b3cb994f9d6155adffce034d4e14ae361b041.js?body=1" for ::1 at 2016-09-20 15:59:56 -0500


Started GET "/assets/bootstrap-sprockets.self-fbfa5ad7d9aa0afe439ec4ff3883acc4cb92b62cb67c40d674320c9aa1d4642d.js?body=1" for ::1 at 2016-09-20 15:59:56 -0500


Started GET "/assets/jquery_ujs.self-784a997f6726036b1993eb2217c9cb558e1cbb801c6da88105588c56f13b466a.js?body=1" for ::1 at 2016-09-20 15:59:56 -0500


Started GET "/assets/turbolinks.self-c5acd7a204f5f25ce7a1d8a0e4d92e28d34c9e2df2c7371cd7af88e147e4ad82.js?body=1" for ::1 at 2016-09-20 15:59:56 -0500


Started GET "/assets/application.self-f8806224e027f3e3f0138ea9ce99319e298dfdb323304d1f1be6eae8e8c74724.js?body=1" for ::1 at 2016-09-20 15:59:56 -0500


Started GET "/" for ::1 at 2016-09-20 16:01:42 -0500
Processing by MainController#index as HTML
  Rendered main/index.html.haml within layouts/application (2.1ms)
Completed 200 OK in 35ms (Views: 34.1ms)


Started GET "/assets/bootstrap/carousel.self-e47323f363ceb3dc0bdbce05e36e709ed428e339833a41140a85cb0af24b8127.js?body=1" for ::1 at 2016-09-20 16:01:42 -0500


Started GET "/assets/bootstrap/alert.self-742145c5bb847aafdadc6e339be795628f8bc25f177e851f03a8c42278eb0312.js?body=1" for ::1 at 2016-09-20 16:01:42 -0500


Started GET "/assets/jquery.self-bd7ddd393353a8d2480a622e80342adf488fb6006d667e8b42e4c0073393abee.js?body=1" for ::1 at 2016-09-20 16:01:42 -0500


Started GET "/assets/application.self-19b109df44a171bfc4f6e594a845e9b29109c4a2438bcfb1ea4940f15740a4e0.css?body=1" for ::1 at 2016-09-20 16:01:42 -0500


Started GET "/assets/bootstrap/button.self-126ac9bf0e7f2d8568f8da3a00fd5f0fac6eae0946331003370161fbf8d7975e.js?body=1" for ::1 at 2016-09-20 16:01:42 -0500


Started GET "/assets/bootstrap/transition.self-6ad2488465135ab731a045a8ebbe3ea2fc501aed286042496eda1664fdd07ba9.js?body=1" for ::1 at 2016-09-20 16:01:42 -0500


Started GET "/assets/bootstrap/collapse.self-2eb697f62b587bb786ff940d82dd4be88cdeeaf13ca128e3da3850c5fcaec301.js?body=1" for ::1 at 2016-09-20 16:01:42 -0500


Started GET "/assets/bootstrap/dropdown.self-561cca1cbaf67474e01e9536f106bad541594860a6df997004591c1c1957a147.js?body=1" for ::1 at 2016-09-20 16:01:42 -0500


Started GET "/assets/bootstrap/modal.self-3e78617ade5663314b7ee0ea10375a5b34d59ffbade44939e3f2a4e4ef2019b3.js?body=1" for ::1 at 2016-09-20 16:01:42 -0500


Started GET "/assets/bootstrap/tab.self-5bf7078b682f8b131332eefa46b45fa5eff2eca745fc0d03e2991450888f7c28.js?body=1" for ::1 at 2016-09-20 16:01:42 -0500


Started GET "/assets/bootstrap/affix.self-6d6f1a7fc5c8aabf3547fa1b794fab6268f54bc55ad815e55873c71f52513517.js?body=1" for ::1 at 2016-09-20 16:01:42 -0500


Started GET "/assets/bootstrap/scrollspy.self-969f3c5f48cdf1e439c7fa1154c13b948715f5c689f87837c0b64521d3b46ef6.js?body=1" for ::1 at 2016-09-20 16:01:42 -0500


Started GET "/assets/bootstrap/tooltip.self-05afb177e08f98997ccfc84fa08a215e4b27d48d5fe4d049080675e9dffd8199.js?body=1" for ::1 at 2016-09-20 16:01:42 -0500


Started GET "/assets/bootstrap/popover.self-0aa93860b59fe7393f1dd490f54b3cb994f9d6155adffce034d4e14ae361b041.js?body=1" for ::1 at 2016-09-20 16:01:42 -0500


Started GET "/assets/bootstrap-sprockets.self-fbfa5ad7d9aa0afe439ec4ff3883acc4cb92b62cb67c40d674320c9aa1d4642d.js?body=1" for ::1 at 2016-09-20 16:01:42 -0500


Started GET "/assets/jquery_ujs.self-784a997f6726036b1993eb2217c9cb558e1cbb801c6da88105588c56f13b466a.js?body=1" for ::1 at 2016-09-20 16:01:42 -0500


Started GET "/assets/turbolinks.self-c5acd7a204f5f25ce7a1d8a0e4d92e28d34c9e2df2c7371cd7af88e147e4ad82.js?body=1" for ::1 at 2016-09-20 16:01:42 -0500


Started GET "/assets/application.self-f8806224e027f3e3f0138ea9ce99319e298dfdb323304d1f1be6eae8e8c74724.js?body=1" for ::1 at 2016-09-20 16:01:42 -0500


Started POST "/" for ::1 at 2016-09-20 16:01:50 -0500
Processing by MainController#index as HTML
  Parameters: {"utf8"=>"✓", "authenticity_token"=>"qQ0D+ZIWM0JDe56FSfx4kKU+ySfCB2zBo6lnl6hN/sGGugVG5/4zgFGvYvdkzqQ9H0glB9zLERmzzIddNuF83Q==", "query"=>"we sell the hard stuff", "commit"=>"Submit"}
  Rendered main/index.html.haml within layouts/application (0.5ms)
Completed 200 OK in 25ms (Views: 25.0ms)


Started GET "/" for ::1 at 2016-09-20 16:03:58 -0500
Processing by MainController#index as HTML
  Rendered main/index.html.haml within layouts/application (2.1ms)
Completed 200 OK in 30ms (Views: 29.9ms)


Started GET "/assets/jquery.self-bd7ddd393353a8d2480a622e80342adf488fb6006d667e8b42e4c0073393abee.js?body=1" for ::1 at 2016-09-20 16:03:58 -0500


Started GET "/assets/application.self-19b109df44a171bfc4f6e594a845e9b29109c4a2438bcfb1ea4940f15740a4e0.css?body=1" for ::1 at 2016-09-20 16:03:58 -0500


Started GET "/assets/bootstrap/transition.self-6ad2488465135ab731a045a8ebbe3ea2fc501aed286042496eda1664fdd07ba9.js?body=1" for ::1 at 2016-09-20 16:03:58 -0500


Started GET "/assets/bootstrap/alert.self-742145c5bb847aafdadc6e339be795628f8bc25f177e851f03a8c42278eb0312.js?body=1" for ::1 at 2016-09-20 16:03:58 -0500


Started GET "/assets/bootstrap/button.self-126ac9bf0e7f2d8568f8da3a00fd5f0fac6eae0946331003370161fbf8d7975e.js?body=1" for ::1 at 2016-09-20 16:03:58 -0500


Started GET "/assets/bootstrap/carousel.self-e47323f363ceb3dc0bdbce05e36e709ed428e339833a41140a85cb0af24b8127.js?body=1" for ::1 at 2016-09-20 16:03:58 -0500


Started GET "/assets/bootstrap/collapse.self-2eb697f62b587bb786ff940d82dd4be88cdeeaf13ca128e3da3850c5fcaec301.js?body=1" for ::1 at 2016-09-20 16:03:58 -0500


Started GET "/assets/bootstrap/dropdown.self-561cca1cbaf67474e01e9536f106bad541594860a6df997004591c1c1957a147.js?body=1" for ::1 at 2016-09-20 16:03:58 -0500


Started GET "/assets/bootstrap/modal.self-3e78617ade5663314b7ee0ea10375a5b34d59ffbade44939e3f2a4e4ef2019b3.js?body=1" for ::1 at 2016-09-20 16:03:58 -0500


Started GET "/assets/bootstrap/tab.self-5bf7078b682f8b131332eefa46b45fa5eff2eca745fc0d03e2991450888f7c28.js?body=1" for ::1 at 2016-09-20 16:03:58 -0500


Started GET "/assets/bootstrap/affix.self-6d6f1a7fc5c8aabf3547fa1b794fab6268f54bc55ad815e55873c71f52513517.js?body=1" for ::1 at 2016-09-20 16:03:58 -0500


Started GET "/assets/bootstrap/scrollspy.self-969f3c5f48cdf1e439c7fa1154c13b948715f5c689f87837c0b64521d3b46ef6.js?body=1" for ::1 at 2016-09-20 16:03:58 -0500


Started GET "/assets/bootstrap/tooltip.self-05afb177e08f98997ccfc84fa08a215e4b27d48d5fe4d049080675e9dffd8199.js?body=1" for ::1 at 2016-09-20 16:03:58 -0500


Started GET "/assets/bootstrap/popover.self-0aa93860b59fe7393f1dd490f54b3cb994f9d6155adffce034d4e14ae361b041.js?body=1" for ::1 at 2016-09-20 16:03:58 -0500


Started GET "/assets/bootstrap-sprockets.self-fbfa5ad7d9aa0afe439ec4ff3883acc4cb92b62cb67c40d674320c9aa1d4642d.js?body=1" for ::1 at 2016-09-20 16:03:58 -0500


Started GET "/assets/jquery_ujs.self-784a997f6726036b1993eb2217c9cb558e1cbb801c6da88105588c56f13b466a.js?body=1" for ::1 at 2016-09-20 16:03:58 -0500


Started GET "/assets/turbolinks.self-c5acd7a204f5f25ce7a1d8a0e4d92e28d34c9e2df2c7371cd7af88e147e4ad82.js?body=1" for ::1 at 2016-09-20 16:03:58 -0500


Started GET "/assets/application.self-f8806224e027f3e3f0138ea9ce99319e298dfdb323304d1f1be6eae8e8c74724.js?body=1" for ::1 at 2016-09-20 16:03:58 -0500


Started POST "/" for ::1 at 2016-09-20 16:04:32 -0500
Processing by MainController#index as HTML
  Parameters: {"utf8"=>"✓", "authenticity_token"=>"kzkMf6AXrFp10ktqPNv3rh7q1XL/eLND/Usj2iwANF+8jgrA1f+smGcGtxgR6SsDpJw5UuG0zpvtLsMQsqy2Qw==", "query"=>"we sell the hard stuff", "commit"=>"Submit"}
  Rendered main/index.html.haml within layouts/application (0.6ms)
Completed 200 OK in 40ms (Views: 39.8ms)


Started GET "/" for ::1 at 2016-09-21 09:34:43 -0500
Processing by MainController#index as HTML
  Rendered main/index.html.haml within layouts/application (0.8ms)
Completed 200 OK in 122ms (Views: 121.7ms)


Started POST "/" for ::1 at 2016-09-21 10:02:52 -0500
Processing by MainController#index as HTML
  Parameters: {"utf8"=>"✓", "authenticity_token"=>"EkdOfzktU2B6o0zpNSz8FkFWOX/9qnBbjF+sP5Yj20s98EjATMVTomh3sJsYHiC7+yDVX+NmDYOcOkz1CI9ZVw==", "query"=>"air of excitement", "commit"=>"Submit"}
  Rendered main/index.html.haml within layouts/application (0.8ms)
Completed 200 OK in 45ms (Views: 44.5ms)
